0 info it worked if it ends with ok
1 verbose cli [ 'C:\\Program Files\\nodejs\\\\node.exe',
1 verbose cli   'C:\\Program Files\\nodejs\\node_modules\\npm\\bin\\npm-cli.js',
1 verbose cli   'run',
1 verbose cli   'test' ]
2 info using npm@1.4.28
3 info using node@v0.10.36
4 verbose node symlink C:\Program Files\nodejs\\node.exe
5 verbose run-script [ 'pretest', 'test', 'posttest' ]
6 info pretest ubique@0.0.8
7 info test ubique@0.0.8
8 verbose unsafe-perm in lifecycle true
9 info ubique@0.0.8 Failed to exec test script
10 error ubique@0.0.8 test: `mocha --ui tdd --recursive`
10 error Exit status 8
11 error Failed at the ubique@0.0.8 test script.
11 error This is most likely a problem with the ubique package,
11 error not with npm itself.
11 error Tell the author that this fails on your system:
11 error     mocha --ui tdd --recursive
11 error You can get their info via:
11 error     npm owner ls ubique
11 error There is likely additional logging output above.
12 error System Windows_NT 6.1.7601
13 error command "C:\\Program Files\\nodejs\\\\node.exe" "C:\\Program Files\\nodejs\\node_modules\\npm\\bin\\npm-cli.js" "run" "test"
14 error cwd c:\Users\maxto\Documents\GitHub\ubique
15 error node -v v0.10.36
16 error npm -v 1.4.28
17 error code ELIFECYCLE
18 verbose exit [ 1, true ]
